[debug] [2023-04-10T18:11:43.061Z] ----------------------------------------------------------------------
[debug] [2023-04-10T18:11:43.062Z] Command:       C:\Program Files\nodejs\node.exe C:\Users\shrey\AppData\Roaming\npm\node_modules\firebase-tools\lib\bin\firebase.js init
[debug] [2023-04-10T18:11:43.062Z] CLI Version:   11.25.3
[debug] [2023-04-10T18:11:43.062Z] Platform:      win32
[debug] [2023-04-10T18:11:43.062Z] Node Version:  v18.14.2
[debug] [2023-04-10T18:11:43.063Z] Time:          Mon Apr 10 2023 23:41:43 GMT+0530 (India Standard Time)
[debug] [2023-04-10T18:11:43.063Z] ----------------------------------------------------------------------
[debug] 
[debug] [2023-04-10T18:11:43.069Z] > command requires scopes: ["email","openid","https://www.googleapis.com/auth/cloudplatformprojects.readonly","https://www.googleapis.com/auth/firebase","https://www.googleapis.com/auth/cloud-platform"]
[debug] [2023-04-10T18:11:43.069Z] > authorizing via signed-in user (shreykeshav33@gmail.com)
[info] 
     ######## #### ########  ######## ########     ###     ######  ########
     ##        ##  ##     ## ##       ##     ##  ##   ##  ##       ##
     ######    ##  ########  ######   ########  #########  ######  ######
     ##        ##  ##    ##  ##       ##     ## ##     ##       ## ##
     ##       #### ##     ## ######## ########  ##     ##  ######  ########

You're about to initialize a Firebase project in this directory:

  C:\Users\shrey\Downloads\Recipe-App-master\Recipe-App-master

[info] 
=== Project Setup
[info] 
[info] First, let's associate this project directory with a Firebase project.
[info] You can create multiple project aliases by running firebase use --add, 
[info] but for now we'll just set up a default project.
[info] 
[debug] [2023-04-10T18:12:16.255Z] >>> [apiv2][query] GET https://firebase.googleapis.com/v1beta1/projects pageSize=100
[debug] [2023-04-10T18:12:18.575Z] <<< [apiv2][status] GET https://firebase.googleapis.com/v1beta1/projects 200
[debug] [2023-04-10T18:12:18.576Z] <<< [apiv2][body] GET https://firebase.googleapis.com/v1beta1/projects [omitted]
[info] i  Using project recipe-app-33b48 (Recipe-App) 
[info] 
=== Hosting Setup
[info] 
[info] Your public directory is the folder (relative to your project directory) that
[info] will contain Hosting assets to be uploaded with firebase deploy. If you
[info] have a build process for your assets, use your build's output directory.
[info] 
